<?xml version="1.0" encoding="UTF-8"?>
<!-- Generated by org.testng.reporters.JUnitReportReporter -->
<testsuite skipped="0" hostname="DSS-415" name="org.demo.service.EmpServiceTest" tests="1" failures="0" timestamp="16 Mar 2018 10:30:50 GMT" time="0.016" errors="0">
  <testcase name="testgetallemp" time="0.016" classname="org.demo.service.EmpServiceTest"/>
</testsuite> <!-- org.demo.service.EmpServiceTest -->
