<?xml version="1.0" encoding="UTF-8"?>
<!-- Generated by org.testng.reporters.JUnitReportReporter -->
<testsuite skipped="0" hostname="DSS-415" name="org.demo.TestngAnnotation" tests="2" failures="0" timestamp="28 Feb 2018 11:34:41 GMT" time="0.002" errors="0">
  <testcase name="testApprisel" time="0.001" classname="org.demo.TestngAnnotation"/>
  <testcase name="testCase1" time="0.001" classname="org.demo.TestngAnnotation"/>
</testsuite> <!-- org.demo.TestngAnnotation -->
