<?xml version="1.0" encoding="UTF-8"?>
<!-- Generated by org.testng.reporters.JUnitReportReporter -->
<testsuite skipped="0" hostname="DSS-415" name="org.demo.TestNGSimpleTest" tests="1" failures="0" timestamp="28 Feb 2018 11:34:41 GMT" time="0.009" errors="0">
  <testcase name="testAdd" time="0.009" classname="org.demo.TestNGSimpleTest"/>
</testsuite> <!-- org.demo.TestNGSimpleTest -->
