<?xml version="1.0" encoding="UTF-8"?>
<!-- Generated by org.testng.reporters.JUnitReportReporter -->
<testsuite skipped="0" hostname="DSS-415" name="org.demo.tetsng_withmaven.TestNGSimpleTest" tests="1" failures="0" timestamp="28 Feb 2018 11:32:59 GMT" time="0.010" errors="0">
  <testcase name="testAdd" time="0.010" classname="org.demo.tetsng_withmaven.TestNGSimpleTest"/>
</testsuite> <!-- org.demo.tetsng_withmaven.TestNGSimpleTest -->
