<?xml version="1.0" encoding="UTF-8"?>
<testsuite xmlns:xsi="http://www.w3.org/2001/XMLSchema-instance" xsi:noNamespaceSchemaLocation="https://maven.apache.org/surefire/maven-surefire-plugin/xsd/surefire-test-report.xsd" name="com.chotu.spring.data.elasticsearch.Spring_elastic_search.AppTest" time="0.059" tests="1" errors="0" skipped="0" failures="0">
  <properties>
    <property name="sun.desktop" value="windows"/>
    <property name="awt.toolkit" value="sun.awt.windows.WToolkit"/>
    <property name="file.encoding.pkg" value="sun.io"/>
    <property name="java.specification.version" value="1.8"/>
    <property name="sun.cpu.isalist" value="amd64"/>
    <property name="sun.jnu.encoding" value="Cp1252"/>
    <property name="java.class.path" value="D:\Bonprix\Spring_elastic_search\target\test-classes;D:\Bonprix\Spring_elastic_search\target\classes;C:\bpPrograms\Java\maven\cache\org\springframework\boot\spring-boot-starter-data-elasticsearch\2.0.0.RELEASE\spring-boot-starter-data-elasticsearch-2.0.0.RELEASE.jar;C:\bpPrograms\Java\maven\cache\org\springframework\boot\spring-boot-starter\2.0.0.RELEASE\spring-boot-starter-2.0.0.RELEASE.jar;C:\bpPrograms\Java\maven\cache\org\springframework\boot\spring-boot-starter-logging\2.0.0.RELEASE\spring-boot-starter-logging-2.0.0.RELEASE.jar;C:\bpPrograms\Java\maven\cache\ch\qos\logback\logback-classic\1.2.3\logback-classic-1.2.3.jar;C:\bpPrograms\Java\maven\cache\ch\qos\logback\logback-core\1.2.3\logback-core-1.2.3.jar;C:\bpPrograms\Java\maven\cache\org\apache\logging\log4j\log4j-to-slf4j\2.10.0\log4j-to-slf4j-2.10.0.jar;C:\bpPrograms\Java\maven\cache\org\slf4j\jul-to-slf4j\1.7.25\jul-to-slf4j-1.7.25.jar;C:\bpPrograms\Java\maven\cache\javax\annotation\javax.annotation-api\1.3.2\javax.annotation-api-1.3.2.jar;C:\bpPrograms\Java\maven\cache\org\yaml\snakeyaml\1.19\snakeyaml-1.19.jar;C:\bpPrograms\Java\maven\cache\org\springframework\data\spring-data-elasticsearch\3.0.5.RELEASE\spring-data-elasticsearch-3.0.5.RELEASE.jar;C:\bpPrograms\Java\maven\cache\org\springframework\spring-context\5.0.4.RELEASE\spring-context-5.0.4.RELEASE.jar;C:\bpPrograms\Java\maven\cache\org\springframework\spring-tx\5.0.4.RELEASE\spring-tx-5.0.4.RELEASE.jar;C:\bpPrograms\Java\maven\cache\org\springframework\data\spring-data-commons\2.0.5.RELEASE\spring-data-commons-2.0.5.RELEASE.jar;C:\bpPrograms\Java\maven\cache\commons-lang\commons-lang\2.6\commons-lang-2.6.jar;C:\bpPrograms\Java\maven\cache\joda-time\joda-time\2.9.9\joda-time-2.9.9.jar;C:\bpPrograms\Java\maven\cache\org\elasticsearch\elasticsearch\5.6.8\elasticsearch-5.6.8.jar;C:\bpPrograms\Java\maven\cache\org\apache\lucene\lucene-core\6.6.1\lucene-core-6.6.1.jar;C:\bpPrograms\Java\maven\cache\org\apache\lucene\lucene-analyzers-common\6.6.1\lucene-analyzers-common-6.6.1.jar;C:\bpPrograms\Java\maven\cache\org\apache\lucene\lucene-backward-codecs\6.6.1\lucene-backward-codecs-6.6.1.jar;C:\bpPrograms\Java\maven\cache\org\apache\lucene\lucene-grouping\6.6.1\lucene-grouping-6.6.1.jar;C:\bpPrograms\Java\maven\cache\org\apache\lucene\lucene-highlighter\6.6.1\lucene-highlighter-6.6.1.jar;C:\bpPrograms\Java\maven\cache\org\apache\lucene\lucene-join\6.6.1\lucene-join-6.6.1.jar;C:\bpPrograms\Java\maven\cache\org\apache\lucene\lucene-memory\6.6.1\lucene-memory-6.6.1.jar;C:\bpPrograms\Java\maven\cache\org\apache\lucene\lucene-misc\6.6.1\lucene-misc-6.6.1.jar;C:\bpPrograms\Java\maven\cache\org\apache\lucene\lucene-queries\6.6.1\lucene-queries-6.6.1.jar;C:\bpPrograms\Java\maven\cache\org\apache\lucene\lucene-queryparser\6.6.1\lucene-queryparser-6.6.1.jar;C:\bpPrograms\Java\maven\cache\org\apache\lucene\lucene-sandbox\6.6.1\lucene-sandbox-6.6.1.jar;C:\bpPrograms\Java\maven\cache\org\apache\lucene\lucene-spatial\6.6.1\lucene-spatial-6.6.1.jar;C:\bpPrograms\Java\maven\cache\org\apache\lucene\lucene-spatial-extras\6.6.1\lucene-spatial-extras-6.6.1.jar;C:\bpPrograms\Java\maven\cache\org\apache\lucene\lucene-spatial3d\6.6.1\lucene-spatial3d-6.6.1.jar;C:\bpPrograms\Java\maven\cache\org\apache\lucene\lucene-suggest\6.6.1\lucene-suggest-6.6.1.jar;C:\bpPrograms\Java\maven\cache\org\elasticsearch\securesm\1.2\securesm-1.2.jar;C:\bpPrograms\Java\maven\cache\net\sf\jopt-simple\jopt-simple\5.0.2\jopt-simple-5.0.2.jar;C:\bpPrograms\Java\maven\cache\com\carrotsearch\hppc\0.7.1\hppc-0.7.1.jar;C:\bpPrograms\Java\maven\cache\com\fasterxml\jackson\dataformat\jackson-dataformat-smile\2.9.4\jackson-dataformat-smile-2.9.4.jar;C:\bpPrograms\Java\maven\cache\com\fasterxml\jackson\dataformat\jackson-dataformat-yaml\2.9.4\jackson-dataformat-yaml-2.9.4.jar;C:\bpPrograms\Java\maven\cache\com\fasterxml\jackson\dataformat\jackson-dataformat-cbor\2.9.4\jackson-dataformat-cbor-2.9.4.jar;C:\bpPrograms\Java\maven\cache\com\tdunning\t-digest\3.0\t-digest-3.0.jar;C:\bpPrograms\Java\maven\cache\org\hdrhistogram\HdrHistogram\2.1.9\HdrHistogram-2.1.9.jar;C:\bpPrograms\Java\maven\cache\org\apache\logging\log4j\log4j-api\2.10.0\log4j-api-2.10.0.jar;C:\bpPrograms\Java\maven\cache\org\elasticsearch\jna\4.4.0-1\jna-4.4.0-1.jar;C:\bpPrograms\Java\maven\cache\org\elasticsearch\client\transport\5.6.8\transport-5.6.8.jar;C:\bpPrograms\Java\maven\cache\org\elasticsearch\plugin\transport-netty3-client\5.6.8\transport-netty3-client-5.6.8.jar;C:\bpPrograms\Java\maven\cache\io\netty\netty\3.10.6.Final\netty-3.10.6.Final.jar;C:\bpPrograms\Java\maven\cache\org\elasticsearch\plugin\reindex-client\5.6.8\reindex-client-5.6.8.jar;C:\bpPrograms\Java\maven\cache\org\elasticsearch\client\elasticsearch-rest-client\5.6.8\elasticsearch-rest-client-5.6.8.jar;C:\bpPrograms\Java\maven\cache\org\apache\httpcomponents\httpclient\4.5.5\httpclient-4.5.5.jar;C:\bpPrograms\Java\maven\cache\org\apache\httpcomponents\httpcore\4.4.9\httpcore-4.4.9.jar;C:\bpPrograms\Java\maven\cache\org\apache\httpcomponents\httpasyncclient\4.1.3\httpasyncclient-4.1.3.jar;C:\bpPrograms\Java\maven\cache\org\apache\httpcomponents\httpcore-nio\4.4.9\httpcore-nio-4.4.9.jar;C:\bpPrograms\Java\maven\cache\commons-codec\commons-codec\1.11\commons-codec-1.11.jar;C:\bpPrograms\Java\maven\cache\org\elasticsearch\plugin\lang-mustache-client\5.6.8\lang-mustache-client-5.6.8.jar;C:\bpPrograms\Java\maven\cache\com\github\spullara\mustache\java\compiler\0.9.3\compiler-0.9.3.jar;C:\bpPrograms\Java\maven\cache\org\elasticsearch\plugin\percolator-client\5.6.8\percolator-client-5.6.8.jar;C:\bpPrograms\Java\maven\cache\org\elasticsearch\plugin\parent-join-client\5.6.8\parent-join-client-5.6.8.jar;C:\bpPrograms\Java\maven\cache\com\fasterxml\jackson\core\jackson-core\2.9.4\jackson-core-2.9.4.jar;C:\bpPrograms\Java\maven\cache\com\fasterxml\jackson\core\jackson-databind\2.9.4\jackson-databind-2.9.4.jar;C:\bpPrograms\Java\maven\cache\com\fasterxml\jackson\core\jackson-annotations\2.9.0\jackson-annotations-2.9.0.jar;C:\bpPrograms\Java\maven\cache\org\elasticsearch\plugin\transport-netty4-client\5.6.8\transport-netty4-client-5.6.8.jar;C:\bpPrograms\Java\maven\cache\io\netty\netty-buffer\4.1.22.Final\netty-buffer-4.1.22.Final.jar;C:\bpPrograms\Java\maven\cache\io\netty\netty-codec\4.1.22.Final\netty-codec-4.1.22.Final.jar;C:\bpPrograms\Java\maven\cache\io\netty\netty-codec-http\4.1.22.Final\netty-codec-http-4.1.22.Final.jar;C:\bpPrograms\Java\maven\cache\io\netty\netty-common\4.1.22.Final\netty-common-4.1.22.Final.jar;C:\bpPrograms\Java\maven\cache\io\netty\netty-handler\4.1.22.Final\netty-handler-4.1.22.Final.jar;C:\bpPrograms\Java\maven\cache\io\netty\netty-resolver\4.1.22.Final\netty-resolver-4.1.22.Final.jar;C:\bpPrograms\Java\maven\cache\io\netty\netty-transport\4.1.22.Final\netty-transport-4.1.22.Final.jar;C:\bpPrograms\Java\maven\cache\org\locationtech\spatial4j\spatial4j\0.6\spatial4j-0.6.jar;C:\bpPrograms\Java\maven\cache\com\vividsolutions\jts\1.13\jts-1.13.jar;C:\bpPrograms\Java\maven\cache\org\slf4j\slf4j-api\1.7.25\slf4j-api-1.7.25.jar;C:\bpPrograms\Java\maven\cache\org\springframework\boot\spring-boot-starter-web\2.0.0.RELEASE\spring-boot-starter-web-2.0.0.RELEASE.jar;C:\bpPrograms\Java\maven\cache\org\springframework\boot\spring-boot-starter-json\2.0.0.RELEASE\spring-boot-starter-json-2.0.0.RELEASE.jar;C:\bpPrograms\Java\maven\cache\com\fasterxml\jackson\datatype\jackson-datatype-jdk8\2.9.4\jackson-datatype-jdk8-2.9.4.jar;C:\bpPrograms\Java\maven\cache\com\fasterxml\jackson\datatype\jackson-datatype-jsr310\2.9.4\jackson-datatype-jsr310-2.9.4.jar;C:\bpPrograms\Java\maven\cache\com\fasterxml\jackson\module\jackson-module-parameter-names\2.9.4\jackson-module-parameter-names-2.9.4.jar;C:\bpPrograms\Java\maven\cache\org\springframework\boot\spring-boot-starter-tomcat\2.0.0.RELEASE\spring-boot-starter-tomcat-2.0.0.RELEASE.jar;C:\bpPrograms\Java\maven\cache\org\apache\tomcat\embed\tomcat-embed-core\8.5.28\tomcat-embed-core-8.5.28.jar;C:\bpPrograms\Java\maven\cache\org\apache\tomcat\embed\tomcat-embed-el\8.5.28\tomcat-embed-el-8.5.28.jar;C:\bpPrograms\Java\maven\cache\org\apache\tomcat\embed\tomcat-embed-websocket\8.5.28\tomcat-embed-websocket-8.5.28.jar;C:\bpPrograms\Java\maven\cache\org\hibernate\validator\hibernate-validator\6.0.7.Final\hibernate-validator-6.0.7.Final.jar;C:\bpPrograms\Java\maven\cache\javax\validation\validation-api\2.0.1.Final\validation-api-2.0.1.Final.jar;C:\bpPrograms\Java\maven\cache\org\jboss\logging\jboss-logging\3.3.2.Final\jboss-logging-3.3.2.Final.jar;C:\bpPrograms\Java\maven\cache\com\fasterxml\classmate\1.3.4\classmate-1.3.4.jar;C:\bpPrograms\Java\maven\cache\org\springframework\spring-web\5.0.4.RELEASE\spring-web-5.0.4.RELEASE.jar;C:\bpPrograms\Java\maven\cache\org\springframework\spring-beans\5.0.4.RELEASE\spring-beans-5.0.4.RELEASE.jar;C:\bpPrograms\Java\maven\cache\org\springframework\spring-webmvc\5.0.4.RELEASE\spring-webmvc-5.0.4.RELEASE.jar;C:\bpPrograms\Java\maven\cache\org\springframework\spring-aop\5.0.4.RELEASE\spring-aop-5.0.4.RELEASE.jar;C:\bpPrograms\Java\maven\cache\org\springframework\spring-expression\5.0.4.RELEASE\spring-expression-5.0.4.RELEASE.jar;C:\bpPrograms\Java\maven\cache\org\springframework\boot\spring-boot-devtools\2.0.0.RELEASE\spring-boot-devtools-2.0.0.RELEASE.jar;C:\bpPrograms\Java\maven\cache\org\springframework\boot\spring-boot\2.0.0.RELEASE\spring-boot-2.0.0.RELEASE.jar;C:\bpPrograms\Java\maven\cache\org\springframework\boot\spring-boot-autoconfigure\2.0.0.RELEASE\spring-boot-autoconfigure-2.0.0.RELEASE.jar;C:\bpPrograms\Java\maven\cache\org\projectlombok\lombok\1.16.20\lombok-1.16.20.jar;C:\bpPrograms\Java\maven\cache\org\springframework\boot\spring-boot-starter-test\2.0.0.RELEASE\spring-boot-starter-test-2.0.0.RELEASE.jar;C:\bpPrograms\Java\maven\cache\org\springframework\boot\spring-boot-test\2.0.0.RELEASE\spring-boot-test-2.0.0.RELEASE.jar;C:\bpPrograms\Java\maven\cache\org\springframework\boot\spring-boot-test-autoconfigure\2.0.0.RELEASE\spring-boot-test-autoconfigure-2.0.0.RELEASE.jar;C:\bpPrograms\Java\maven\cache\com\jayway\jsonpath\json-path\2.4.0\json-path-2.4.0.jar;C:\bpPrograms\Java\maven\cache\net\minidev\json-smart\2.3\json-smart-2.3.jar;C:\bpPrograms\Java\maven\cache\net\minidev\accessors-smart\1.2\accessors-smart-1.2.jar;C:\bpPrograms\Java\maven\cache\org\ow2\asm\asm\5.0.4\asm-5.0.4.jar;C:\bpPrograms\Java\maven\cache\junit\junit\4.12\junit-4.12.jar;C:\bpPrograms\Java\maven\cache\org\assertj\assertj-core\3.9.1\assertj-core-3.9.1.jar;C:\bpPrograms\Java\maven\cache\org\mockito\mockito-core\2.15.0\mockito-core-2.15.0.jar;C:\bpPrograms\Java\maven\cache\net\bytebuddy\byte-buddy\1.7.10\byte-buddy-1.7.10.jar;C:\bpPrograms\Java\maven\cache\net\bytebuddy\byte-buddy-agent\1.7.10\byte-buddy-agent-1.7.10.jar;C:\bpPrograms\Java\maven\cache\org\objenesis\objenesis\2.6\objenesis-2.6.jar;C:\bpPrograms\Java\maven\cache\org\hamcrest\hamcrest-core\1.3\hamcrest-core-1.3.jar;C:\bpPrograms\Java\maven\cache\org\hamcrest\hamcrest-library\1.3\hamcrest-library-1.3.jar;C:\bpPrograms\Java\maven\cache\org\skyscreamer\jsonassert\1.5.0\jsonassert-1.5.0.jar;C:\bpPrograms\Java\maven\cache\com\vaadin\external\google\android-json\0.0.20131108.vaadin1\android-json-0.0.20131108.vaadin1.jar;C:\bpPrograms\Java\maven\cache\org\springframework\spring-core\5.0.4.RELEASE\spring-core-5.0.4.RELEASE.jar;C:\bpPrograms\Java\maven\cache\org\springframework\spring-jcl\5.0.4.RELEASE\spring-jcl-5.0.4.RELEASE.jar;C:\bpPrograms\Java\maven\cache\org\springframework\spring-test\5.0.4.RELEASE\spring-test-5.0.4.RELEASE.jar;C:\bpPrograms\Java\maven\cache\org\xmlunit\xmlunit-core\2.5.1\xmlunit-core-2.5.1.jar;"/>
    <property name="java.vm.vendor" value="Oracle Corporation"/>
    <property name="sun.arch.data.model" value="64"/>
    <property name="user.variant" value=""/>
    <property name="java.vendor.url" value="http://java.oracle.com/"/>
    <property name="user.timezone" value="Asia/Calcutta"/>
    <property name="java.vm.specification.version" value="1.8"/>
    <property name="os.name" value="Windows 8.1"/>
    <property name="user.country" value="US"/>
    <property name="sun.java.launcher" value="SUN_STANDARD"/>
    <property name="sun.boot.library.path" value="C:\Program Files\Java\jdk1.8.0_11\jre\bin"/>
    <property name="sun.java.command" value="C:\Users\IC179~1.SHA\AppData\Local\Temp\surefire7471118727171926522\surefirebooter4237546049918621372.jar C:\Users\i.shaikh\AppData\Local\Temp\surefire7471118727171926522 2018-04-18T17-12-21_408-jvmRun1 surefire2647129343861324928tmp surefire_05750184971011883416tmp"/>
    <property name="surefire.test.class.path" value="D:\Bonprix\Spring_elastic_search\target\test-classes;D:\Bonprix\Spring_elastic_search\target\classes;C:\bpPrograms\Java\maven\cache\org\springframework\boot\spring-boot-starter-data-elasticsearch\2.0.0.RELEASE\spring-boot-starter-data-elasticsearch-2.0.0.RELEASE.jar;C:\bpPrograms\Java\maven\cache\org\springframework\boot\spring-boot-starter\2.0.0.RELEASE\spring-boot-starter-2.0.0.RELEASE.jar;C:\bpPrograms\Java\maven\cache\org\springframework\boot\spring-boot-starter-logging\2.0.0.RELEASE\spring-boot-starter-logging-2.0.0.RELEASE.jar;C:\bpPrograms\Java\maven\cache\ch\qos\logback\logback-classic\1.2.3\logback-classic-1.2.3.jar;C:\bpPrograms\Java\maven\cache\ch\qos\logback\logback-core\1.2.3\logback-core-1.2.3.jar;C:\bpPrograms\Java\maven\cache\org\apache\logging\log4j\log4j-to-slf4j\2.10.0\log4j-to-slf4j-2.10.0.jar;C:\bpPrograms\Java\maven\cache\org\slf4j\jul-to-slf4j\1.7.25\jul-to-slf4j-1.7.25.jar;C:\bpPrograms\Java\maven\cache\javax\annotation\javax.annotation-api\1.3.2\javax.annotation-api-1.3.2.jar;C:\bpPrograms\Java\maven\cache\org\yaml\snakeyaml\1.19\snakeyaml-1.19.jar;C:\bpPrograms\Java\maven\cache\org\springframework\data\spring-data-elasticsearch\3.0.5.RELEASE\spring-data-elasticsearch-3.0.5.RELEASE.jar;C:\bpPrograms\Java\maven\cache\org\springframework\spring-context\5.0.4.RELEASE\spring-context-5.0.4.RELEASE.jar;C:\bpPrograms\Java\maven\cache\org\springframework\spring-tx\5.0.4.RELEASE\spring-tx-5.0.4.RELEASE.jar;C:\bpPrograms\Java\maven\cache\org\springframework\data\spring-data-commons\2.0.5.RELEASE\spring-data-commons-2.0.5.RELEASE.jar;C:\bpPrograms\Java\maven\cache\commons-lang\commons-lang\2.6\commons-lang-2.6.jar;C:\bpPrograms\Java\maven\cache\joda-time\joda-time\2.9.9\joda-time-2.9.9.jar;C:\bpPrograms\Java\maven\cache\org\elasticsearch\elasticsearch\5.6.8\elasticsearch-5.6.8.jar;C:\bpPrograms\Java\maven\cache\org\apache\lucene\lucene-core\6.6.1\lucene-core-6.6.1.jar;C:\bpPrograms\Java\maven\cache\org\apache\lucene\lucene-analyzers-common\6.6.1\lucene-analyzers-common-6.6.1.jar;C:\bpPrograms\Java\maven\cache\org\apache\lucene\lucene-backward-codecs\6.6.1\lucene-backward-codecs-6.6.1.jar;C:\bpPrograms\Java\maven\cache\org\apache\lucene\lucene-grouping\6.6.1\lucene-grouping-6.6.1.jar;C:\bpPrograms\Java\maven\cache\org\apache\lucene\lucene-highlighter\6.6.1\lucene-highlighter-6.6.1.jar;C:\bpPrograms\Java\maven\cache\org\apache\lucene\lucene-join\6.6.1\lucene-join-6.6.1.jar;C:\bpPrograms\Java\maven\cache\org\apache\lucene\lucene-memory\6.6.1\lucene-memory-6.6.1.jar;C:\bpPrograms\Java\maven\cache\org\apache\lucene\lucene-misc\6.6.1\lucene-misc-6.6.1.jar;C:\bpPrograms\Java\maven\cache\org\apache\lucene\lucene-queries\6.6.1\lucene-queries-6.6.1.jar;C:\bpPrograms\Java\maven\cache\org\apache\lucene\lucene-queryparser\6.6.1\lucene-queryparser-6.6.1.jar;C:\bpPrograms\Java\maven\cache\org\apache\lucene\lucene-sandbox\6.6.1\lucene-sandbox-6.6.1.jar;C:\bpPrograms\Java\maven\cache\org\apache\lucene\lucene-spatial\6.6.1\lucene-spatial-6.6.1.jar;C:\bpPrograms\Java\maven\cache\org\apache\lucene\lucene-spatial-extras\6.6.1\lucene-spatial-extras-6.6.1.jar;C:\bpPrograms\Java\maven\cache\org\apache\lucene\lucene-spatial3d\6.6.1\lucene-spatial3d-6.6.1.jar;C:\bpPrograms\Java\maven\cache\org\apache\lucene\lucene-suggest\6.6.1\lucene-suggest-6.6.1.jar;C:\bpPrograms\Java\maven\cache\org\elasticsearch\securesm\1.2\securesm-1.2.jar;C:\bpPrograms\Java\maven\cache\net\sf\jopt-simple\jopt-simple\5.0.2\jopt-simple-5.0.2.jar;C:\bpPrograms\Java\maven\cache\com\carrotsearch\hppc\0.7.1\hppc-0.7.1.jar;C:\bpPrograms\Java\maven\cache\com\fasterxml\jackson\dataformat\jackson-dataformat-smile\2.9.4\jackson-dataformat-smile-2.9.4.jar;C:\bpPrograms\Java\maven\cache\com\fasterxml\jackson\dataformat\jackson-dataformat-yaml\2.9.4\jackson-dataformat-yaml-2.9.4.jar;C:\bpPrograms\Java\maven\cache\com\fasterxml\jackson\dataformat\jackson-dataformat-cbor\2.9.4\jackson-dataformat-cbor-2.9.4.jar;C:\bpPrograms\Java\maven\cache\com\tdunning\t-digest\3.0\t-digest-3.0.jar;C:\bpPrograms\Java\maven\cache\org\hdrhistogram\HdrHistogram\2.1.9\HdrHistogram-2.1.9.jar;C:\bpPrograms\Java\maven\cache\org\apache\logging\log4j\log4j-api\2.10.0\log4j-api-2.10.0.jar;C:\bpPrograms\Java\maven\cache\org\elasticsearch\jna\4.4.0-1\jna-4.4.0-1.jar;C:\bpPrograms\Java\maven\cache\org\elasticsearch\client\transport\5.6.8\transport-5.6.8.jar;C:\bpPrograms\Java\maven\cache\org\elasticsearch\plugin\transport-netty3-client\5.6.8\transport-netty3-client-5.6.8.jar;C:\bpPrograms\Java\maven\cache\io\netty\netty\3.10.6.Final\netty-3.10.6.Final.jar;C:\bpPrograms\Java\maven\cache\org\elasticsearch\plugin\reindex-client\5.6.8\reindex-client-5.6.8.jar;C:\bpPrograms\Java\maven\cache\org\elasticsearch\client\elasticsearch-rest-client\5.6.8\elasticsearch-rest-client-5.6.8.jar;C:\bpPrograms\Java\maven\cache\org\apache\httpcomponents\httpclient\4.5.5\httpclient-4.5.5.jar;C:\bpPrograms\Java\maven\cache\org\apache\httpcomponents\httpcore\4.4.9\httpcore-4.4.9.jar;C:\bpPrograms\Java\maven\cache\org\apache\httpcomponents\httpasyncclient\4.1.3\httpasyncclient-4.1.3.jar;C:\bpPrograms\Java\maven\cache\org\apache\httpcomponents\httpcore-nio\4.4.9\httpcore-nio-4.4.9.jar;C:\bpPrograms\Java\maven\cache\commons-codec\commons-codec\1.11\commons-codec-1.11.jar;C:\bpPrograms\Java\maven\cache\org\elasticsearch\plugin\lang-mustache-client\5.6.8\lang-mustache-client-5.6.8.jar;C:\bpPrograms\Java\maven\cache\com\github\spullara\mustache\java\compiler\0.9.3\compiler-0.9.3.jar;C:\bpPrograms\Java\maven\cache\org\elasticsearch\plugin\percolator-client\5.6.8\percolator-client-5.6.8.jar;C:\bpPrograms\Java\maven\cache\org\elasticsearch\plugin\parent-join-client\5.6.8\parent-join-client-5.6.8.jar;C:\bpPrograms\Java\maven\cache\com\fasterxml\jackson\core\jackson-core\2.9.4\jackson-core-2.9.4.jar;C:\bpPrograms\Java\maven\cache\com\fasterxml\jackson\core\jackson-databind\2.9.4\jackson-databind-2.9.4.jar;C:\bpPrograms\Java\maven\cache\com\fasterxml\jackson\core\jackson-annotations\2.9.0\jackson-annotations-2.9.0.jar;C:\bpPrograms\Java\maven\cache\org\elasticsearch\plugin\transport-netty4-client\5.6.8\transport-netty4-client-5.6.8.jar;C:\bpPrograms\Java\maven\cache\io\netty\netty-buffer\4.1.22.Final\netty-buffer-4.1.22.Final.jar;C:\bpPrograms\Java\maven\cache\io\netty\netty-codec\4.1.22.Final\netty-codec-4.1.22.Final.jar;C:\bpPrograms\Java\maven\cache\io\netty\netty-codec-http\4.1.22.Final\netty-codec-http-4.1.22.Final.jar;C:\bpPrograms\Java\maven\cache\io\netty\netty-common\4.1.22.Final\netty-common-4.1.22.Final.jar;C:\bpPrograms\Java\maven\cache\io\netty\netty-handler\4.1.22.Final\netty-handler-4.1.22.Final.jar;C:\bpPrograms\Java\maven\cache\io\netty\netty-resolver\4.1.22.Final\netty-resolver-4.1.22.Final.jar;C:\bpPrograms\Java\maven\cache\io\netty\netty-transport\4.1.22.Final\netty-transport-4.1.22.Final.jar;C:\bpPrograms\Java\maven\cache\org\locationtech\spatial4j\spatial4j\0.6\spatial4j-0.6.jar;C:\bpPrograms\Java\maven\cache\com\vividsolutions\jts\1.13\jts-1.13.jar;C:\bpPrograms\Java\maven\cache\org\slf4j\slf4j-api\1.7.25\slf4j-api-1.7.25.jar;C:\bpPrograms\Java\maven\cache\org\springframework\boot\spring-boot-starter-web\2.0.0.RELEASE\spring-boot-starter-web-2.0.0.RELEASE.jar;C:\bpPrograms\Java\maven\cache\org\springframework\boot\spring-boot-starter-json\2.0.0.RELEASE\spring-boot-starter-json-2.0.0.RELEASE.jar;C:\bpPrograms\Java\maven\cache\com\fasterxml\jackson\datatype\jackson-datatype-jdk8\2.9.4\jackson-datatype-jdk8-2.9.4.jar;C:\bpPrograms\Java\maven\cache\com\fasterxml\jackson\datatype\jackson-datatype-jsr310\2.9.4\jackson-datatype-jsr310-2.9.4.jar;C:\bpPrograms\Java\maven\cache\com\fasterxml\jackson\module\jackson-module-parameter-names\2.9.4\jackson-module-parameter-names-2.9.4.jar;C:\bpPrograms\Java\maven\cache\org\springframework\boot\spring-boot-starter-tomcat\2.0.0.RELEASE\spring-boot-starter-tomcat-2.0.0.RELEASE.jar;C:\bpPrograms\Java\maven\cache\org\apache\tomcat\embed\tomcat-embed-core\8.5.28\tomcat-embed-core-8.5.28.jar;C:\bpPrograms\Java\maven\cache\org\apache\tomcat\embed\tomcat-embed-el\8.5.28\tomcat-embed-el-8.5.28.jar;C:\bpPrograms\Java\maven\cache\org\apache\tomcat\embed\tomcat-embed-websocket\8.5.28\tomcat-embed-websocket-8.5.28.jar;C:\bpPrograms\Java\maven\cache\org\hibernate\validator\hibernate-validator\6.0.7.Final\hibernate-validator-6.0.7.Final.jar;C:\bpPrograms\Java\maven\cache\javax\validation\validation-api\2.0.1.Final\validation-api-2.0.1.Final.jar;C:\bpPrograms\Java\maven\cache\org\jboss\logging\jboss-logging\3.3.2.Final\jboss-logging-3.3.2.Final.jar;C:\bpPrograms\Java\maven\cache\com\fasterxml\classmate\1.3.4\classmate-1.3.4.jar;C:\bpPrograms\Java\maven\cache\org\springframework\spring-web\5.0.4.RELEASE\spring-web-5.0.4.RELEASE.jar;C:\bpPrograms\Java\maven\cache\org\springframework\spring-beans\5.0.4.RELEASE\spring-beans-5.0.4.RELEASE.jar;C:\bpPrograms\Java\maven\cache\org\springframework\spring-webmvc\5.0.4.RELEASE\spring-webmvc-5.0.4.RELEASE.jar;C:\bpPrograms\Java\maven\cache\org\springframework\spring-aop\5.0.4.RELEASE\spring-aop-5.0.4.RELEASE.jar;C:\bpPrograms\Java\maven\cache\org\springframework\spring-expression\5.0.4.RELEASE\spring-expression-5.0.4.RELEASE.jar;C:\bpPrograms\Java\maven\cache\org\springframework\boot\spring-boot-devtools\2.0.0.RELEASE\spring-boot-devtools-2.0.0.RELEASE.jar;C:\bpPrograms\Java\maven\cache\org\springframework\boot\spring-boot\2.0.0.RELEASE\spring-boot-2.0.0.RELEASE.jar;C:\bpPrograms\Java\maven\cache\org\springframework\boot\spring-boot-autoconfigure\2.0.0.RELEASE\spring-boot-autoconfigure-2.0.0.RELEASE.jar;C:\bpPrograms\Java\maven\cache\org\projectlombok\lombok\1.16.20\lombok-1.16.20.jar;C:\bpPrograms\Java\maven\cache\org\springframework\boot\spring-boot-starter-test\2.0.0.RELEASE\spring-boot-starter-test-2.0.0.RELEASE.jar;C:\bpPrograms\Java\maven\cache\org\springframework\boot\spring-boot-test\2.0.0.RELEASE\spring-boot-test-2.0.0.RELEASE.jar;C:\bpPrograms\Java\maven\cache\org\springframework\boot\spring-boot-test-autoconfigure\2.0.0.RELEASE\spring-boot-test-autoconfigure-2.0.0.RELEASE.jar;C:\bpPrograms\Java\maven\cache\com\jayway\jsonpath\json-path\2.4.0\json-path-2.4.0.jar;C:\bpPrograms\Java\maven\cache\net\minidev\json-smart\2.3\json-smart-2.3.jar;C:\bpPrograms\Java\maven\cache\net\minidev\accessors-smart\1.2\accessors-smart-1.2.jar;C:\bpPrograms\Java\maven\cache\org\ow2\asm\asm\5.0.4\asm-5.0.4.jar;C:\bpPrograms\Java\maven\cache\junit\junit\4.12\junit-4.12.jar;C:\bpPrograms\Java\maven\cache\org\assertj\assertj-core\3.9.1\assertj-core-3.9.1.jar;C:\bpPrograms\Java\maven\cache\org\mockito\mockito-core\2.15.0\mockito-core-2.15.0.jar;C:\bpPrograms\Java\maven\cache\net\bytebuddy\byte-buddy\1.7.10\byte-buddy-1.7.10.jar;C:\bpPrograms\Java\maven\cache\net\bytebuddy\byte-buddy-agent\1.7.10\byte-buddy-agent-1.7.10.jar;C:\bpPrograms\Java\maven\cache\org\objenesis\objenesis\2.6\objenesis-2.6.jar;C:\bpPrograms\Java\maven\cache\org\hamcrest\hamcrest-core\1.3\hamcrest-core-1.3.jar;C:\bpPrograms\Java\maven\cache\org\hamcrest\hamcrest-library\1.3\hamcrest-library-1.3.jar;C:\bpPrograms\Java\maven\cache\org\skyscreamer\jsonassert\1.5.0\jsonassert-1.5.0.jar;C:\bpPrograms\Java\maven\cache\com\vaadin\external\google\android-json\0.0.20131108.vaadin1\android-json-0.0.20131108.vaadin1.jar;C:\bpPrograms\Java\maven\cache\org\springframework\spring-core\5.0.4.RELEASE\spring-core-5.0.4.RELEASE.jar;C:\bpPrograms\Java\maven\cache\org\springframework\spring-jcl\5.0.4.RELEASE\spring-jcl-5.0.4.RELEASE.jar;C:\bpPrograms\Java\maven\cache\org\springframework\spring-test\5.0.4.RELEASE\spring-test-5.0.4.RELEASE.jar;C:\bpPrograms\Java\maven\cache\org\xmlunit\xmlunit-core\2.5.1\xmlunit-core-2.5.1.jar;"/>
    <property name="sun.cpu.endian" value="little"/>
    <property name="user.home" value="C:\Users\i.shaikh"/>
    <property name="user.language" value="en"/>
    <property name="java.specification.vendor" value="Oracle Corporation"/>
    <property name="java.home" value="C:\Program Files\Java\jdk1.8.0_11\jre"/>
    <property name="basedir" value="D:\Bonprix\Spring_elastic_search"/>
    <property name="file.separator" value="\"/>
    <property name="line.separator" value="&#10;"/>
    <property name="java.vm.specification.vendor" value="Oracle Corporation"/>
    <property name="java.specification.name" value="Java Platform API Specification"/>
    <property name="java.awt.graphicsenv" value="sun.awt.Win32GraphicsEnvironment"/>
    <property name="surefire.real.class.path" value="C:\Users\IC179~1.SHA\AppData\Local\Temp\surefire7471118727171926522\surefirebooter4237546049918621372.jar"/>
    <property name="sun.boot.class.path" value="C:\Program Files\Java\jdk1.8.0_11\jre\lib\resources.jar;C:\Program Files\Java\jdk1.8.0_11\jre\lib\rt.jar;C:\Program Files\Java\jdk1.8.0_11\jre\lib\sunrsasign.jar;C:\Program Files\Java\jdk1.8.0_11\jre\lib\jsse.jar;C:\Program Files\Java\jdk1.8.0_11\jre\lib\jce.jar;C:\Program Files\Java\jdk1.8.0_11\jre\lib\charsets.jar;C:\Program Files\Java\jdk1.8.0_11\jre\lib\jfr.jar;C:\Program Files\Java\jdk1.8.0_11\jre\classes"/>
    <property name="user.script" value=""/>
    <property name="sun.management.compiler" value="HotSpot 64-Bit Tiered Compilers"/>
    <property name="java.runtime.version" value="1.8.0_11-b12"/>
    <property name="user.name" value="i.shaikh"/>
    <property name="path.separator" value=";"/>
    <property name="os.version" value="6.3"/>
    <property name="java.endorsed.dirs" value="C:\Program Files\Java\jdk1.8.0_11\jre\lib\endorsed"/>
    <property name="java.runtime.name" value="Java(TM) SE Runtime Environment"/>
    <property name="file.encoding" value="Cp1252"/>
    <property name="java.vm.name" value="Java HotSpot(TM) 64-Bit Server VM"/>
    <property name="localRepository" value="C:\bpPrograms\Java\maven\cache"/>
    <property name="java.vendor.url.bug" value="http://bugreport.sun.com/bugreport/"/>
    <property name="java.io.tmpdir" value="C:\Users\IC179~1.SHA\AppData\Local\Temp\"/>
    <property name="java.version" value="1.8.0_11"/>
    <property name="user.dir" value="D:\Bonprix\Spring_elastic_search"/>
    <property name="os.arch" value="amd64"/>
    <property name="java.vm.specification.name" value="Java Virtual Machine Specification"/>
    <property name="java.awt.printerjob" value="sun.awt.windows.WPrinterJob"/>
    <property name="sun.os.patch.level" value=""/>
    <property name="java.library.path" value="C:\Program Files\Java\jdk1.8.0_11\jre\bin;C:\Windows\Sun\Java\bin;C:\Windows\system32;C:\Windows;C:/Program Files/Java/jre1.8.0_121/bin/server;C:/Program Files/Java/jre1.8.0_121/bin;C:/Program Files/Java/jre1.8.0_121/lib/amd64;D:\oracle\product\10.2.0\client_1\bin;C:\ProgramData\Oracle\Java\javapath;C:\Windows\system32;C:\Windows;C:\Windows\System32\Wbem;C:\Windows\System32\WindowsPowerShell\v1.0\;C:\Program Files\Java\jdk1.8.0_121\bin;C:\Program Files\Git\cmd;D:\Software\apache-maven-3.3.9\apache-maven-3.3.9\bin;C:\Users\i.shaikh\AppData\Local\Microsoft\WindowsApps;;C:\Users\i.shaikh\AppData\Local\Programs\Fiddler;D:\eclipse-jee-oxygen-M5-win32-x86_64\eclipse;;."/>
    <property name="java.vm.info" value="mixed mode"/>
    <property name="java.vendor" value="Oracle Corporation"/>
    <property name="java.vm.version" value="25.11-b03"/>
    <property name="java.ext.dirs" value="C:\Program Files\Java\jdk1.8.0_11\jre\lib\ext;C:\Windows\Sun\Java\lib\ext"/>
    <property name="sun.io.unicode.encoding" value="UnicodeLittle"/>
    <property name="java.class.version" value="52.0"/>
  </properties>
  <testcase name="testApp" classname="com.chotu.spring.data.elasticsearch.Spring_elastic_search.AppTest" time="0"/>
</testsuite>