<?xml version="1.0" encoding="UTF-8"?>
<!-- Generated by org.testng.reporters.JUnitReportReporter -->
<testsuite skipped="0" hostname="DSS-415" name="com.service.EmpServcieTest" tests="1" failures="0" timestamp="16 Mar 2018 10:24:16 GMT" time="0.015" errors="0">
  <testcase name="testgetallemp" time="0.015" classname="com.service.EmpServcieTest"/>
</testsuite> <!-- com.service.EmpServcieTest -->
